JvmtiExport can_access_local_variables 1
JvmtiExport can_hotswap_or_post_breakpoint 1
JvmtiExport can_post_on_exceptions 1
# 483 ciObject found
instanceKlass org/apache/log4j/DefaultThrowableRenderer
instanceKlass org/apache/log4j/spi/ThrowableRenderer
instanceKlass org/apache/log4j/spi/ThrowableInformation
instanceKlass org/jboss/netty/channel/ChannelFutureListener$2
instanceKlass org/jboss/netty/channel/ChannelFutureListener$1
instanceKlass java/lang/Throwable$PrintStreamOrWriter
instanceKlass java/nio/channels/MulticastChannel
instanceKlass org/jboss/netty/channel/Channels$3
instanceKlass org/jboss/netty/handler/stream/ChunkedWriteHandler$2
instanceKlass sun/nio/ch/FileDispatcherImpl$1
instanceKlass sun/nio/ch/NativeThreadSet
instanceKlass java/nio/file/attribute/FileAttribute
instanceKlass java/nio/channels/SeekableByteChannel
instanceKlass java/io/RandomAccessFile$1
instanceKlass org/jboss/netty/handler/codec/http/HttpChunk
instanceKlass org/jboss/netty/handler/stream/ChunkedWriteHandler$1
instanceKlass org/jboss/netty/handler/stream/ChunkedFile
instanceKlass play/server/FileService$ByteRangeInput
instanceKlass java/io/RandomAccessFile
instanceKlass play/server/FileService
instanceKlass org/jboss/netty/channel/DefaultWriteCompletionEvent
instanceKlass org/jboss/netty/channel/socket/nio/SocketSendBufferPool$UnpooledSendBuffer
instanceKlass play/db/DB
instanceKlass org/jboss/netty/handler/codec/http/DefaultHttpHeaders$HeaderIterator
instanceKlass org/jboss/netty/handler/stream/ChunkedInput
instanceKlass org/jboss/netty/channel/DownstreamMessageEvent
instanceKlass org/jboss/netty/handler/codec/http/cookie/CookieEncoder
instanceKlass sun/util/locale/provider/TimeZoneNameUtility$TimeZoneNameGetter
instanceKlass sun/util/locale/provider/TimeZoneNameUtility
instanceKlass sun/util/calendar/ZoneInfoFile$ZoneOffsetTransitionRule
instanceKlass play/utils/Utils
instanceKlass org/jboss/netty/handler/codec/http/HttpResponseStatus
instanceKlass play/libs/MimeTypes
instanceKlass play/exceptions/SourceAttachment
instanceKlass java/util/ArrayList$1
instanceKlass org/codehaus/groovy/ast/ClassNode$1
instanceKlass org/codehaus/groovy/ast/stmt/LoopingStatement
instanceKlass java/util/function/ToLongFunction
instanceKlass java/util/function/ToIntFunction
instanceKlass java/util/function/ToDoubleFunction
instanceKlass play/templates/GroovyInlineTags$1
instanceKlass play/utils/HTML$HtmlCharacterEntityReferences
instanceKlass play/utils/HTML
instanceKlass org/codehaus/groovy/reflection/ClassLoaderForClassArtifacts$1
instanceKlass groovyjarjarasm/asm/Handler
instanceKlass org/codehaus/groovy/reflection/CachedClass$5$1
instanceKlass org/codehaus/groovy/reflection/android/AndroidSupport
instanceKlass org/codehaus/groovy/runtime/callsite/GroovySunClassLoader$1
instanceKlass org/codehaus/groovy/reflection/SunClassLoader$1
instanceKlass org/codehaus/groovy/runtime/callsite/CallSiteGenerator
instanceKlass org/codehaus/groovy/runtime/callsite/CallSiteArray$1
instanceKlass play/templates/BaseTemplate$RawData
instanceKlass org/codehaus/groovy/runtime/metaclass/MetaMethodIndex$CacheEntry
instanceKlass groovy/lang/AdaptingMetaClass
instanceKlass org/codehaus/groovy/runtime/ArrayUtil
instanceKlass org/codehaus/groovy/runtime/metaclass/ClosureMetaClass$StandardClosureChooser
instanceKlass play/mvc/Http$Request$1
instanceKlass org/apache/commons/codec/binary/BaseNCodec$Context
instanceKlass org/apache/commons/codec/binary/BaseNCodec
instanceKlass org/apache/commons/codec/BinaryDecoder
instanceKlass org/apache/commons/codec/Decoder
instanceKlass org/apache/commons/codec/BinaryEncoder
instanceKlass org/apache/commons/codec/Encoder
instanceKlass play/libs/Codec
instanceKlass java/io/SerialCallbackContext
instanceKlass java/io/ObjectStreamClass$ClassDataSlot
instanceKlass java/io/ObjectStreamClass$FieldReflector
instanceKlass java/io/ObjectStreamClass$2
instanceKlass java/io/Externalizable
instanceKlass java/io/ObjectStreamClass$EntryFuture
instanceKlass java/io/ObjectStreamClass$Caches
instanceKlass java/io/ObjectStreamClass
instanceKlass java/io/Bits
instanceKlass java/io/ObjectOutputStream$ReplaceTable
instanceKlass java/io/ObjectOutputStream$HandleTable
instanceKlass play/templates/TagContext
instanceKlass org/codehaus/groovy/control/ClassNodeResolver$LookupResult
instanceKlass java/math/MathContext
instanceKlass org/codehaus/groovy/syntax/Numbers
instanceKlass org/codehaus/groovy/control/CompilationUnit$ProgressCallback
instanceKlass play/templates/FastTags$Namespace
instanceKlass play/templates/FastTags
instanceKlass play/templates/GroovyInlineTags
instanceKlass play/templates/TemplateCompiler$Tag
instanceKlass play/templates/TemplateCompiler$1
instanceKlass play/templates/TemplateParser$1
instanceKlass play/templates/TemplateParser
instanceKlass play/templates/JavaExtensions
instanceKlass play/templates/TemplateCompiler
instanceKlass org/codehaus/groovy/vmplugin/v7/IndyInterface$1
instanceKlass java/lang/invoke/LambdaForm$MH
instanceKlass java/util/Collections$UnmodifiableList$1
instanceKlass java/lang/invoke/LambdaForm$MH
instanceKlass java/lang/invoke/LambdaForm$DMH
instanceKlass java/lang/invoke/LambdaForm$MH
instanceKlass java/lang/invoke/LambdaForm$DMH
instanceKlass java/lang/invoke/LambdaForm$BMH
instanceKlass java/lang/invoke/LambdaForm$MH
instanceKlass java/lang/invoke/LambdaForm$MH
instanceKlass java/lang/invoke/LambdaForm$DMH
instanceKlass java/lang/invoke/LambdaForm$DMH
instanceKlass sun/invoke/util/ValueConversions$WrapperCache
instanceKlass java/lang/invoke/MethodHandles$1
instanceKlass java/lang/invoke/SwitchPoint
instanceKlass java/lang/invoke/LambdaForm$DMH
instanceKlass java/lang/invoke/LambdaForm$DMH
instanceKlass org/codehaus/groovy/vmplugin/v7/IndyInterface
instanceKlass org/codehaus/groovy/runtime/MethodKey
instanceKlass groovy/lang/ExpandoMetaClass$3
instanceKlass org/codehaus/groovy/runtime/metaclass/DefaultMetaClassInfo$ConstantMetaClassVersioning
instanceKlass org/codehaus/groovy/runtime/metaclass/DefaultMetaClassInfo
instanceKlass org/codehaus/groovy/util/ManagedLinkedList$Iter
instanceKlass groovy/lang/DelegatingMetaClass
instanceKlass org/codehaus/groovy/runtime/metaclass/ClosureMetaClass$3
instanceKlass org/codehaus/groovy/runtime/metaclass/ClosureMetaClass$MethodChooser
instanceKlass org/codehaus/groovy/control/SourceExtensionHandler
instanceKlass groovy/lang/GroovyClassLoader$1$1
instanceKlass org/codehaus/groovy/runtime/callsite/AbstractCallSite
instanceKlass java/lang/FunctionalInterface
instanceKlass org/codehaus/groovy/runtime/callsite/BooleanClosureWrapper
instanceKlass java/security/PermissionsEnumerator
instanceKlass groovy/lang/GroovyClassLoader$4
instanceKlass org/codehaus/groovy/tools/GroovyClass
instanceKlass org/codehaus/groovy/classgen/asm/MopWriter$MopKey
instanceKlass org/codehaus/groovy/runtime/wrappers/Wrapper
instanceKlass org/codehaus/groovy/ast/tools/WideningCategories$2
instanceKlass org/codehaus/groovy/ast/tools/WideningCategories
instanceKlass org/codehaus/groovy/classgen/asm/InvocationWriter$1
instanceKlass org/codehaus/groovy/classgen/asm/BytecodeVariable
instanceKlass groovyjarjarasm/asm/Edge
instanceKlass org/codehaus/groovy/classgen/asm/CompileStack$StateStackElement
instanceKlass groovyjarjarasm/asm/Frame
instanceKlass groovyjarjarasm/asm/Label
instanceKlass groovyjarjarasm/asm/MethodVisitor
instanceKlass groovyjarjarasm/asm/FieldVisitor
instanceKlass org/codehaus/groovy/classgen/asm/OptimizingStatementWriter$StatementMeta
instanceKlass org/codehaus/groovy/classgen/asm/OptimizingStatementWriter$OptimizeFlagsCollector$OptimizeFlagsEntry
instanceKlass org/codehaus/groovy/classgen/asm/OptimizingStatementWriter$OptimizeFlagsCollector
instanceKlass org/codehaus/groovy/classgen/asm/StatementMetaTypeChooser
instanceKlass org/codehaus/groovy/classgen/asm/TypeChooser
instanceKlass org/codehaus/groovy/classgen/asm/StatementWriter
instanceKlass org/codehaus/groovy/classgen/asm/CompileStack
instanceKlass org/codehaus/groovy/classgen/asm/ClosureWriter$1
instanceKlass org/codehaus/groovy/classgen/asm/ClosureWriter
instanceKlass org/codehaus/groovy/classgen/asm/AssertionWriter
instanceKlass org/codehaus/groovy/classgen/asm/OperandStack
instanceKlass org/codehaus/groovy/runtime/BytecodeInterface8
instanceKlass org/codehaus/groovy/classgen/asm/BinaryExpressionWriter
instanceKlass org/codehaus/groovy/classgen/asm/UnaryExpressionHelper
instanceKlass org/codehaus/groovy/runtime/typehandling/ShortTypeHandling
instanceKlass sun/reflect/generics/tree/IntSignature
instanceKlass sun/reflect/generics/tree/VoidDescriptor
instanceKlass sun/reflect/generics/tree/BooleanSignature
instanceKlass sun/reflect/generics/reflectiveObjects/GenericArrayTypeImpl
instanceKlass sun/reflect/generics/tree/ArrayTypeSignature
instanceKlass java/lang/Class$EnclosingMethodInfo
instanceKlass org/codehaus/groovy/classgen/asm/BinaryExpressionHelper
instanceKlass org/codehaus/groovy/classgen/asm/CallSiteWriter
instanceKlass org/codehaus/groovy/classgen/asm/InvocationWriter
instanceKlass org/codehaus/groovy/classgen/asm/WriterController
instanceKlass org/codehaus/groovy/classgen/asm/WriterControllerFactory
instanceKlass org/codehaus/groovy/classgen/asm/MethodCaller
instanceKlass org/codehaus/groovy/classgen/asm/MethodCallerMultiAdapter
instanceKlass org/codehaus/groovy/runtime/ScriptBytecodeAdapter
instanceKlass groovyjarjarasm/asm/Item
instanceKlass groovyjarjarasm/asm/ByteVector
instanceKlass groovyjarjarasm/asm/ClassVisitor
instanceKlass org/codehaus/groovy/ast/tools/GenericsUtils
instanceKlass org/codehaus/groovy/ast/tools/GeneralUtils
instanceKlass org/codehaus/groovy/classgen/ReturnAdder$1
instanceKlass org/codehaus/groovy/classgen/ReturnAdder$ReturnStatementListener
instanceKlass org/codehaus/groovy/classgen/ReturnAdder
instanceKlass org/codehaus/groovy/classgen/asm/MopWriter$1
instanceKlass org/codehaus/groovy/classgen/asm/MopWriter$Factory
instanceKlass org/codehaus/groovy/classgen/asm/MopWriter
instanceKlass org/codehaus/groovy/classgen/asm/OptimizingStatementWriter$ClassNodeSkip
instanceKlass org/codehaus/groovy/classgen/BytecodeInstruction
instanceKlass org/codehaus/groovy/classgen/Verifier$11
instanceKlass org/codehaus/groovy/classgen/Verifier$10
instanceKlass org/codehaus/groovy/classgen/Verifier$DefaultArgsAction
instanceKlass groovyjarjarasm/asm/Type
instanceKlass org/codehaus/groovy/runtime/typehandling/DefaultTypeTransformation
instanceKlass org/codehaus/groovy/classgen/asm/BytecodeHelper
instanceKlass groovy/transform/SelfType
instanceKlass groovy/lang/GeneratedGroovyProxy
instanceKlass groovy/transform/Trait
instanceKlass org/codehaus/groovy/transform/trait/Traits$TraitBridge
instanceKlass org/codehaus/groovy/transform/trait/Traits
instanceKlass groovy/transform/CompileStatic
instanceKlass org/codehaus/groovy/transform/trait/TraitComposer
instanceKlass java/util/EnumMap$1
instanceKlass org/codehaus/groovy/transform/AnnotationCollectorTransform$ClassChanger
instanceKlass org/codehaus/groovy/ast/DynamicVariable
instanceKlass org/codehaus/groovy/classgen/VariableScopeVisitor$StateStackElement
instanceKlass groovy/grape/Grape
instanceKlass org/codehaus/groovy/util/ListHashMap
instanceKlass org/codehaus/groovy/ast/expr/MethodCall
instanceKlass org/codehaus/groovy/control/SourceUnit$1
instanceKlass org/codehaus/groovy/classgen/GeneratorContext
instanceKlass org/codehaus/groovy/syntax/Types
instanceKlass org/codehaus/groovy/syntax/CSTNode
instanceKlass org/codehaus/groovy/ast/VariableScope
instanceKlass org/codehaus/groovy/antlr/AntlrParserPlugin$1
instanceKlass org/codehaus/groovy/antlr/LineColumn
instanceKlass org/codehaus/groovy/antlr/AntlrASTProcessSnippets
instanceKlass org/codehaus/groovy/antlr/AntlrASTProcessor
instanceKlass groovyjarjarantlr/collections/impl/ASTArray
instanceKlass groovyjarjarantlr/ASTPair
instanceKlass groovyjarjarantlr/ASTFactory
instanceKlass groovyjarjarantlr/TokenQueue
instanceKlass groovyjarjarantlr/TokenBuffer
instanceKlass groovyjarjarantlr/ParserSharedInputState
instanceKlass org/codehaus/groovy/antlr/parser/GroovyLexer$1
instanceKlass groovyjarjarantlr/BaseAST
instanceKlass groovyjarjarantlr/collections/AST
instanceKlass org/codehaus/groovy/antlr/SourceInfo
instanceKlass groovyjarjarantlr/Parser
instanceKlass groovyjarjarantlr/collections/impl/BitSet
instanceKlass groovyjarjarantlr/CharQueue
instanceKlass groovyjarjarantlr/InputBuffer
instanceKlass groovyjarjarantlr/LexerSharedInputState
instanceKlass groovyjarjarantlr/Token
instanceKlass groovyjarjarantlr/Utils
instanceKlass groovyjarjarantlr/ANTLRHashString
instanceKlass groovyjarjarantlr/ANTLRStringBuffer
instanceKlass groovyjarjarantlr/CharScanner
instanceKlass groovyjarjarantlr/TokenStream
instanceKlass org/codehaus/groovy/antlr/SourceBuffer
instanceKlass org/codehaus/groovy/syntax/ASTHelper
instanceKlass org/codehaus/groovy/antlr/parser/GroovyTokenTypes
instanceKlass org/codehaus/groovy/control/ParserPlugin
instanceKlass org/codehaus/groovy/control/ParserPluginFactory
instanceKlass org/codehaus/groovy/control/CompilationUnit$ClassgenCallback
instanceKlass groovy/lang/GroovyClassLoader$5
instanceKlass org/codehaus/groovy/control/io/AbstractReaderSource
instanceKlass org/codehaus/groovy/control/io/ReaderSource
instanceKlass org/codehaus/groovy/control/HasCleanup
instanceKlass org/codehaus/groovy/transform/ASTTransformationVisitor$4
instanceKlass org/codehaus/groovy/ast/builder/AstBuilderTransformation
instanceKlass groovy/lang/GrabResolver
instanceKlass groovy/lang/Grapes
instanceKlass groovy/lang/GrabConfig
instanceKlass groovy/lang/GrabExclude
instanceKlass groovy/lang/Grab
instanceKlass org/codehaus/groovy/transform/GroovyASTTransformation
instanceKlass groovy/transform/CompilationUnitAware
instanceKlass org/codehaus/groovy/transform/ASTTransformation
instanceKlass org/codehaus/groovy/control/ClassNodeResolver
instanceKlass org/codehaus/groovy/ast/CodeVisitorSupport
instanceKlass org/codehaus/groovy/ast/GroovyCodeVisitor
instanceKlass org/codehaus/groovy/ast/expr/ExpressionTransformer
instanceKlass groovy/lang/GroovyInterceptable
instanceKlass org/codehaus/groovy/ast/ClassNode$MapOfLists
instanceKlass org/codehaus/groovy/ast/ClassHelper$ClassHelperCache
instanceKlass org/codehaus/groovy/ast/ClassHelper
instanceKlass org/codehaus/groovy/ast/Variable
instanceKlass org/codehaus/groovy/classgen/Verifier
instanceKlass org/codehaus/groovy/ast/GroovyClassVisitor
instanceKlass org/codehaus/groovy/ast/CompileUnit
instanceKlass org/codehaus/groovy/control/ASTTransformationsContext
instanceKlass org/codehaus/groovy/control/CompilationUnit$GroovyClassOperation
instanceKlass org/codehaus/groovy/control/CompilationUnit$PrimaryClassNodeOperation
instanceKlass org/codehaus/groovy/control/CompilationUnit$SourceUnitOperation
instanceKlass org/codehaus/groovy/control/ErrorCollector
instanceKlass org/codehaus/groovy/control/ProcessingUnit
instanceKlass groovy/lang/GroovyShell$5
instanceKlass groovy/lang/GroovyClassLoader$1
instanceKlass groovy/lang/GroovyResourceLoader
instanceKlass groovy/lang/GroovyShell$1
instanceKlass groovy/lang/GroovyCodeSource
instanceKlass org/codehaus/groovy/control/CompilerConfiguration
instanceKlass org/codehaus/groovy/runtime/metaclass/MetaClassRegistryImpl$1
instanceKlass groovy/lang/MetaClassRegistryChangeEventListener
instanceKlass org/codehaus/groovy/runtime/GroovyCategorySupport
instanceKlass org/codehaus/groovy/util/ComplexKeyHashMap$1
instanceKlass org/codehaus/groovy/util/ComplexKeyHashMap$EntryIterator
instanceKlass org/codehaus/groovy/reflection/CachedClass$1$1
instanceKlass sun/reflect/generics/tree/TypeVariableSignature
instanceKlass groovy/lang/MetaClassImpl$15
instanceKlass org/codehaus/groovy/reflection/CachedClass$CachedMethodComparatorWithString
instanceKlass groovy/lang/MetaClassImpl$MethodIndexAction
instanceKlass org/codehaus/groovy/runtime/callsite/CallSiteArray
instanceKlass groovy/lang/ExpandoMetaClass$Callable
instanceKlass java/lang/reflect/AnnotatedType
instanceKlass org/codehaus/groovy/runtime/callsite/CallSite
instanceKlass org/codehaus/groovy/runtime/MetaClassHelper
instanceKlass groovy/lang/ClosureInvokingMethod
instanceKlass org/codehaus/groovy/reflection/CachedConstructor$1
instanceKlass org/codehaus/groovy/reflection/CachedClass$2$1
instanceKlass org/codehaus/groovy/runtime/metaclass/MetaMethodIndex$Header
instanceKlass org/codehaus/groovy/runtime/metaclass/MetaMethodIndex$Entry
instanceKlass org/codehaus/groovy/runtime/metaclass/MetaMethodIndex
instanceKlass groovy/lang/MetaClassImpl$17
instanceKlass groovy/lang/MetaClassImpl$16
instanceKlass org/codehaus/groovy/util/SingleKeyHashMap$Copier
instanceKlass groovy/lang/MetaClassImpl$1
instanceKlass org/codehaus/groovy/runtime/GeneratedClosure
instanceKlass groovy/lang/MetaClassImpl
instanceKlass groovy/lang/MutableMetaClass
instanceKlass javax/script/ScriptEngineManager
instanceKlass org/w3c/dom/UserDataHandler
instanceKlass org/w3c/dom/NamedNodeMap
instanceKlass org/w3c/dom/TypeInfo
instanceKlass org/w3c/dom/Attr
instanceKlass org/w3c/dom/Element
instanceKlass org/w3c/dom/NodeList
instanceKlass java/awt/LayoutManager
instanceKlass javax/swing/ButtonModel
instanceKlass javax/swing/Icon
instanceKlass javax/swing/AbstractButton$Handler
instanceKlass javax/swing/event/ChangeListener
instanceKlass javax/swing/event/TableModelListener
instanceKlass javax/swing/event/TableColumnModelListener
instanceKlass javax/swing/ListSelectionModel
instanceKlass javax/swing/MenuSelectionManager
instanceKlass javax/swing/InputVerifier
instanceKlass javax/swing/ArrayTable
instanceKlass javax/swing/border/Border
instanceKlass javax/swing/AncestorNotifier
instanceKlass javax/swing/ActionMap
instanceKlass javax/swing/TransferHandler$DropLocation
instanceKlass javax/swing/InputMap
instanceKlass java/beans/VetoableChangeListener
instanceKlass javax/swing/plaf/ComponentUI
instanceKlass java/awt/AWTKeyStroke
instanceKlass javax/swing/event/AncestorListener
instanceKlass javax/swing/TransferHandler
instanceKlass java/awt/event/ItemListener
instanceKlass sun/awt/RequestFocusController
instanceKlass java/awt/image/ImageProducer
instanceKlass java/awt/Toolkit
instanceKlass java/awt/im/InputMethodRequests
instanceKlass java/awt/im/InputContext
instanceKlass java/awt/dnd/DropTarget
instanceKlass java/awt/dnd/DropTargetListener
instanceKlass java/awt/Cursor
instanceKlass java/awt/image/ColorModel
instanceKlass java/awt/image/BufferStrategy
instanceKlass javax/accessibility/AccessibleStateSet
instanceKlass java/awt/ImageCapabilities
instanceKlass java/awt/BufferCapabilities
instanceKlass java/awt/event/MouseWheelListener
instanceKlass java/awt/event/MouseMotionListener
instanceKlass java/awt/event/MouseListener
instanceKlass java/awt/event/KeyListener
instanceKlass java/awt/event/InputMethodListener
instanceKlass java/awt/event/HierarchyListener
instanceKlass java/awt/event/HierarchyBoundsListener
instanceKlass java/awt/event/FocusListener
instanceKlass java/awt/event/ComponentListener
instanceKlass java/awt/GraphicsConfiguration
instanceKlass java/awt/PointerInfo
instanceKlass java/awt/ComponentOrientation
instanceKlass java/awt/geom/RectangularShape
instanceKlass java/awt/Shape
instanceKlass java/awt/peer/ComponentPeer
instanceKlass java/awt/FontMetrics
instanceKlass java/awt/Color
instanceKlass java/awt/Paint
instanceKlass java/awt/Transparency
instanceKlass javax/accessibility/AccessibleContext
instanceKlass sun/java2d/pipe/Region
instanceKlass java/awt/Insets
instanceKlass java/awt/geom/Dimension2D
instanceKlass java/awt/geom/Point2D
instanceKlass java/awt/Graphics
instanceKlass java/awt/Event
instanceKlass java/awt/Font
instanceKlass java/awt/MenuComponent
instanceKlass java/awt/Image
instanceKlass javax/swing/table/TableColumn
instanceKlass javax/swing/Action
instanceKlass javax/swing/ButtonGroup
instanceKlass javax/swing/table/AbstractTableModel
instanceKlass javax/swing/table/TableModel
instanceKlass javax/swing/table/TableColumnModel
instanceKlass javax/swing/tree/TreePath
instanceKlass javax/swing/MenuElement
instanceKlass javax/swing/tree/DefaultMutableTreeNode
instanceKlass javax/swing/tree/MutableTreeNode
instanceKlass javax/swing/tree/TreeNode
instanceKlass javax/swing/AbstractListModel
instanceKlass javax/swing/MutableComboBoxModel
instanceKlass javax/swing/ComboBoxModel
instanceKlass javax/swing/ListModel
instanceKlass javax/swing/SwingConstants
instanceKlass java/awt/Component
instanceKlass java/awt/MenuContainer
instanceKlass java/awt/image/ImageObserver
instanceKlass javax/swing/TransferHandler$HasGetTransferHandler
instanceKlass javax/accessibility/Accessible
instanceKlass java/awt/event/ActionListener
instanceKlass javax/swing/event/ListDataListener
instanceKlass java/awt/ItemSelectable
instanceKlass java/sql/Statement
instanceKlass java/sql/Blob
instanceKlass java/sql/SQLXML
instanceKlass java/sql/RowId
instanceKlass java/sql/SQLType
instanceKlass java/sql/NClob
instanceKlass java/sql/Clob
instanceKlass java/sql/Ref
instanceKlass java/sql/Array
instanceKlass groovy/sql/GroovyResultSet
instanceKlass java/sql/ResultSet
instanceKlass java/sql/ResultSetMetaData
instanceKlass java/sql/Wrapper
instanceKlass java/nio/file/WatchKey
instanceKlass java/nio/file/WatchEvent$Modifier
instanceKlass java/nio/file/WatchEvent$Kind
instanceKlass java/nio/file/WatchService
instanceKlass java/nio/file/CopyOption
instanceKlass java/nio/file/OpenOption
instanceKlass org/codehaus/groovy/runtime/metaclass/MethodHelper
instanceKlass javax/script/Bindings
instanceKlass javax/script/ScriptContext
instanceKlass javax/script/ScriptEngineFactory
instanceKlass javax/script/ScriptEngine
instanceKlass org/codehaus/groovy/jsr223/ScriptStaticExtensions
instanceKlass org/codehaus/groovy/runtime/XmlGroovyMethods
instanceKlass org/codehaus/groovy/runtime/SwingGroovyMethods
instanceKlass org/codehaus/groovy/runtime/SqlGroovyMethods
instanceKlass org/codehaus/groovy/jsr223/ScriptExtensions
instanceKlass org/codehaus/groovy/runtime/m12n/ExtensionModule
instanceKlass org/codehaus/groovy/runtime/m12n/PropertiesModuleFactory
instanceKlass org/codehaus/groovy/runtime/metaclass/MetaClassRegistryImpl$DefaultModuleListener
instanceKlass org/codehaus/groovy/runtime/m12n/ExtensionModuleScanner$ExtensionModuleListener
instanceKlass org/codehaus/groovy/runtime/m12n/ExtensionModuleScanner
instanceKlass java/time/ZoneId
instanceKlass org/codehaus/groovy/runtime/DefaultGroovyStaticMethods
instanceKlass org/codehaus/groovy/runtime/RangeInfo
instanceKlass org/codehaus/groovy/vmplugin/v7/Java7$1
instanceKlass org/codehaus/groovy/vmplugin/v5/Java5
instanceKlass org/codehaus/groovy/vmplugin/VMPlugin
instanceKlass org/codehaus/groovy/vmplugin/VMPluginFactory
instanceKlass org/codehaus/groovy/runtime/NumberAwareComparator
instanceKlass org/codehaus/groovy/runtime/EncodingGroovyMethods
instanceKlass org/codehaus/groovy/runtime/DefaultGroovyMethodsSupport
instanceKlass java/util/Spliterator$OfInt
instanceKlass java/util/Spliterator$OfPrimitive
instanceKlass java/time/Instant
instanceKlass java/time/temporal/TemporalAdjuster
instanceKlass java/time/temporal/Temporal
instanceKlass java/time/temporal/TemporalAccessor
instanceKlass org/codehaus/groovy/ast/ASTNode
instanceKlass groovyjarjarasm/asm/Opcodes
instanceKlass org/codehaus/groovy/reflection/CachedClass$CachedMethodComparatorByName
instanceKlass org/codehaus/groovy/reflection/CachedMethod$MyComparator
instanceKlass org/codehaus/groovy/reflection/CachedClass$3$1
instanceKlass org/codehaus/groovy/reflection/stdclasses/CachedSAMClass$1
instanceKlass java/util/function/BiConsumer
instanceKlass java/util/function/UnaryOperator
instanceKlass java/util/function/Consumer
instanceKlass java/util/function/Predicate
instanceKlass java/util/stream/Stream
instanceKlass java/util/Spliterator
instanceKlass java/util/stream/IntStream
instanceKlass java/util/stream/BaseStream
instanceKlass org/codehaus/groovy/transform/trait/Traits$Implemented
instanceKlass org/codehaus/groovy/util/AbstractConcurrentMap$Entry
instanceKlass org/codehaus/groovy/util/AbstractConcurrentMapBase$Entry
instanceKlass org/codehaus/groovy/util/ReferenceType$HardRef
instanceKlass org/codehaus/groovy/util/Reference
instanceKlass org/codehaus/groovy/util/ManagedReference
instanceKlass org/codehaus/groovy/util/Finalizable
instanceKlass org/codehaus/groovy/reflection/CachedClass
instanceKlass org/codehaus/groovy/reflection/ClassInfo$GlobalClassSet
instanceKlass org/codehaus/groovy/util/AbstractConcurrentMapBase
instanceKlass org/codehaus/groovy/reflection/GroovyClassValuePreJava7
instanceKlass org/codehaus/groovy/reflection/GroovyClassValue
instanceKlass org/codehaus/groovy/reflection/GroovyClassValueFactory
instanceKlass org/codehaus/groovy/reflection/ClassInfo$1
instanceKlass org/codehaus/groovy/reflection/GroovyClassValue$ComputeValue
instanceKlass org/codehaus/groovy/reflection/ClassInfo
instanceKlass org/codehaus/groovy/util/ComplexKeyHashMap$Entry
instanceKlass org/codehaus/groovy/util/ComplexKeyHashMap
instanceKlass org/codehaus/groovy/reflection/ReflectionCache
instanceKlass org/codehaus/groovy/reflection/ParameterTypes
instanceKlass groovy/lang/Buildable
instanceKlass java/lang/Process
instanceKlass java/io/ObjectOutput
instanceKlass java/io/ObjectStreamConstants
instanceKlass java/io/ObjectInput
instanceKlass groovy/lang/Writable
instanceKlass groovy/lang/MetaProperty
instanceKlass groovy/lang/MetaClass
instanceKlass groovy/lang/MetaObjectProtocol
instanceKlass groovy/lang/ListWithDefault
instanceKlass groovy/lang/Range
instanceKlass groovy/lang/GroovyCallable
instanceKlass org/codehaus/groovy/reflection/GeneratedMetaMethod$DgmMethodRecord
instanceKlass groovy/lang/MetaClassRegistry$MetaClassCreationHandle
instanceKlass org/codehaus/groovy/runtime/m12n/ExtensionModuleRegistry
instanceKlass org/codehaus/groovy/util/ReferenceManager
instanceKlass org/codehaus/groovy/util/ReferenceBundle
instanceKlass org/codehaus/groovy/util/ManagedLinkedList
instanceKlass org/codehaus/groovy/util/FastArray
instanceKlass org/codehaus/groovy/runtime/metaclass/MetaClassRegistryImpl
instanceKlass groovy/lang/MetaClassRegistry
instanceKlass groovy/lang/GroovySystem
instanceKlass org/codehaus/groovy/runtime/InvokerHelper
instanceKlass groovy/lang/GroovyObjectSupport
instanceKlass groovy/lang/GroovyObject
instanceKlass play/templates/types/SafeXMLFormatter
instanceKlass play/templates/types/SafeHTMLFormatter
instanceKlass play/templates/types/SafeCSVFormatter
instanceKlass play/templates/SafeFormatter
instanceKlass play/templates/Template
instanceKlass org/apache/commons/javaflow/bytecode/Stack
instanceKlass org/apache/commons/logging/impl/Log4JLogger
instanceKlass org/apache/commons/logging/Log
instanceKlass org/apache/commons/logging/impl/LogFactoryImpl$3
instanceKlass org/apache/commons/logging/impl/LogFactoryImpl$1
instanceKlass org/apache/commons/logging/impl/LogFactoryImpl$2
instanceKlass org/apache/commons/logging/LogFactory$2
instanceKlass org/apache/commons/logging/LogFactory$3
instanceKlass org/apache/commons/logging/LogFactory$4
instanceKlass org/apache/commons/logging/impl/WeakHashtable$Referenced
instanceKlass org/apache/commons/logging/LogFactory$1
instanceKlass org/apache/commons/logging/LogFactory$6
instanceKlass org/apache/commons/logging/LogFactory
instanceKlass org/apache/commons/javaflow/Continuation
instanceKlass play/mvc/Util
instanceKlass play/mvc/Catch
instanceKlass play/cache/CacheFor
instanceKlass play/utils/JavaWithCaching$1
instanceKlass java/lang/annotation/Target
instanceKlass java/lang/reflect/WeakCache$Value
instanceKlass sun/misc/ProxyGenerator$ExceptionTableEntry
instanceKlass sun/misc/ProxyGenerator$PrimitiveTypeInfo
instanceKlass sun/misc/ProxyGenerator$FieldInfo
instanceKlass sun/misc/ProxyGenerator$ConstantPool$Entry
instanceKlass sun/misc/ProxyGenerator$MethodInfo
instanceKlass sun/misc/ProxyGenerator$ProxyMethod
instanceKlass sun/misc/ProxyGenerator$ConstantPool
instanceKlass sun/misc/ProxyGenerator
instanceKlass java/lang/reflect/WeakCache$Factory
instanceKlass java/util/function/Supplier
instanceKlass sun/reflect/annotation/AnnotationInvocationHandler
instanceKlass sun/reflect/annotation/AnnotationParser$1
instanceKlass sun/reflect/annotation/ExceptionProxy
instanceKlass java/lang/annotation/Documented
instanceKlass java/lang/annotation/Inherited
instanceKlass java/lang/annotation/Retention
instanceKlass sun/reflect/annotation/AnnotationType$1
instanceKlass java/lang/Deprecated
instanceKlass com/thoughtworks/xstream/XStream
instanceKlass org/w3c/dom/Document
instanceKlass org/w3c/dom/Node
instanceKlass com/google/gson/Gson
instanceKlass com/google/gson/JsonSerializer
instanceKlass play/libs/F$Action0
instanceKlass play/mvc/Router$ActionDefinition
instanceKlass play/mvc/With
instanceKlass play/utils/JavaWithCaching$ClassAndAnnotation
instanceKlass java/net/URLEncoder
instanceKlass java/net/URLDecoder
instanceKlass play/classloading/enhancers/ControllersEnhancer$ControllerInstrumentation
instanceKlass play/mvc/Controller$ITemplateNameResolver
instanceKlass play/data/parsing/DataParser
instanceKlass javax/persistence/PersistenceUnit
instanceKlass play/db/jpa/Transactional
instanceKlass play/db/jpa/NoTransaction
instanceKlass play/db/jpa/JPA
instanceKlass play/libs/F$Option
instanceKlass play/Invoker$Invocation$1
instanceKlass play/libs/F$Function0
instanceKlass play/data/validation/Validation
instanceKlass play/mvc/Finally
instanceKlass play/mvc/After
instanceKlass play/mvc/Before
instanceKlass play/utils/JavaWithCaching
instanceKlass play/utils/Java
instanceKlass play/mvc/ActionInvoker
instanceKlass play/Invoker$InvocationContext
instanceKlass play/libs/WS$WSWithEncoding
instanceKlass play/i18n/Messages
instanceKlass play/db/jpa/JPQL
instanceKlass org/hibernate/ejb/HibernatePersistence$1
instanceKlass javax/persistence/spi/ProviderUtil
instanceKlass org/hibernate/ejb/util/PersistenceUtilHelper$MetadataCache
instanceKlass org/hibernate/ejb/AvailableSettings
instanceKlass javax/persistence/spi/PersistenceProvider
instanceKlass java/util/Collections$3
instanceKlass play/db/Configuration
instanceKlass net/sf/ehcache/Statistics
instanceKlass net/sf/ehcache/distribution/CacheReplicator
instanceKlass net/sf/ehcache/event/RegisteredEventListeners$ListenerWrapper
instanceKlass net/sf/ehcache/writer/writethrough/WriteThroughManager
instanceKlass net/sf/ehcache/writer/CacheWriterManager
instanceKlass net/sf/ehcache/concurrent/ReadWriteLockSync
instanceKlass net/sf/ehcache/concurrent/Sync
instanceKlass net/sf/ehcache/concurrent/StripedReadWriteLockSync
instanceKlass net/sf/ehcache/concurrent/StripedReadWriteLock
instanceKlass net/sf/ehcache/concurrent/CacheLockProvider
instanceKlass net/sf/ehcache/store/StripedReadWriteLockProvider
instanceKlass net/sf/ehcache/store/compound/CopyStrategy
instanceKlass net/sf/ehcache/store/compound/ReadWriteSerializationCopyStrategy
instanceKlass net/sf/ehcache/store/MemoryOnlyStore$BruteForceSearchManager
instanceKlass net/sf/ehcache/search/impl/SearchManager
instanceKlass net/sf/ehcache/store/chm/SelectableConcurrentHashMap$HashEntry
instanceKlass java/util/concurrent/locks/ReentrantReadWriteLock$WriteLock
instanceKlass java/util/concurrent/locks/ReentrantReadWriteLock$ReadLock
instanceKlass java/util/concurrent/locks/ReentrantReadWriteLock
instanceKlass java/util/concurrent/locks/ReadWriteLock
instanceKlass net/sf/ehcache/DefaultElementEvictionData
instanceKlass net/sf/ehcache/store/chm/SelectableConcurrentHashMap$DummyPinnedValue
instanceKlass net/sf/ehcache/store/chm/SelectableConcurrentHashMap$DummyPinnedKey
instanceKlass net/sf/ehcache/ElementEvictionData
instanceKlass java/util/concurrent/atomic/AtomicLongFieldUpdater$CASUpdater$1
instanceKlass java/util/concurrent/atomic/AtomicLongFieldUpdater
instanceKlass net/sf/ehcache/Element
instanceKlass net/sf/ehcache/store/chm/SelectableConcurrentHashMap
instanceKlass net/sf/ehcache/pool/impl/UnboundedPool$UnboundedPoolAccessor
instanceKlass net/sf/ehcache/pool/PoolAccessor
instanceKlass net/sf/ehcache/store/AbstractPolicy
instanceKlass net/sf/ehcache/store/Policy
instanceKlass net/sf/ehcache/util/ratestatistics/AbstractRateStatistic
instanceKlass net/sf/ehcache/util/ratestatistics/RateStatistic
instanceKlass net/sf/ehcache/store/MemoryStore$BasicBackingFactory
instanceKlass net/sf/ehcache/store/MemoryStore$BackingFactory
instanceKlass net/sf/ehcache/pool/PoolableStore
instanceKlass net/sf/ehcache/store/TierableStore
instanceKlass net/sf/ehcache/store/AbstractStore
instanceKlass net/sf/ehcache/store/Store
instanceKlass net/sf/ehcache/pool/impl/UnboundedPool
instanceKlass net/sf/ehcache/pool/Pool
instanceKlass java/util/EventObject
instanceKlass net/sf/ehcache/management/provider/MBeanRegistrationProviderImpl$1
instanceKlass net/sf/ehcache/management/provider/MBeanRegistrationProviderImpl
instanceKlass net/sf/ehcache/management/provider/MBeanRegistrationProvider
instanceKlass java/util/Timer$1
instanceKlass java/util/TimerTask
instanceKlass java/util/TaskQueue
instanceKlass java/util/Timer
instanceKlass net/sf/ehcache/util/FailSafeTimer
instanceKlass net/sf/ehcache/transaction/local/LocalRecoveryManager
instanceKlass net/sf/ehcache/TransactionController$TransactionControllerStatistics
instanceKlass java/util/concurrent/atomic/AtomicReference
instanceKlass net/sf/ehcache/transaction/DelegatingTransactionIDFactory
instanceKlass net/sf/ehcache/transaction/TransactionIDFactory
instanceKlass net/sf/ehcache/TransactionController
instanceKlass net/sf/ehcache/Cache$NonstopActiveDelegateHolderImpl
instanceKlass net/sf/ehcache/constructs/nonstop/NonstopActiveDelegateHolder
instanceKlass net/sf/ehcache/statistics/sampled/NullSampledCacheStatistics
instanceKlass net/sf/ehcache/statistics/sampled/SampledCacheStatisticsWrapper
instanceKlass net/sf/ehcache/statistics/sampled/CacheStatisticsSampler
instanceKlass net/sf/ehcache/statistics/sampled/SampledCacheStatistics
instanceKlass net/sf/ehcache/statistics/CacheUsageListener
instanceKlass net/sf/ehcache/statistics/LiveCacheStatisticsImpl
instanceKlass net/sf/ehcache/statistics/NullLiveCacheStatisticsData
instanceKlass net/sf/ehcache/statistics/LiveCacheStatisticsWrapper
instanceKlass net/sf/ehcache/statistics/LiveCacheStatisticsData
instanceKlass net/sf/ehcache/event/CacheEventListener
instanceKlass net/sf/ehcache/statistics/LiveCacheStatistics
instanceKlass net/sf/ehcache/CacheStoreHelper
instanceKlass net/sf/ehcache/event/RegisteredEventListeners
instanceKlass sun/nio/fs/BasicFileAttributesHolder
instanceKlass sun/nio/fs/WindowsDirectoryStream$WindowsDirectoryIterator
instanceKlass sun/nio/fs/WindowsFileAttributes
instanceKlass java/nio/file/attribute/DosFileAttributes
instanceKlass java/nio/file/attribute/BasicFileAttributes
instanceKlass sun/nio/fs/NativeBuffer$Deallocator
instanceKlass sun/nio/fs/NativeBuffer
instanceKlass sun/nio/fs/NativeBuffers
instanceKlass sun/nio/fs/WindowsNativeDispatcher$BackupResult
instanceKlass sun/nio/fs/WindowsNativeDispatcher$CompletionStatus
instanceKlass sun/nio/fs/WindowsNativeDispatcher$AclInformation
instanceKlass sun/nio/fs/WindowsNativeDispatcher$Account
instanceKlass sun/nio/fs/WindowsNativeDispatcher$DiskFreeSpace
instanceKlass sun/nio/fs/WindowsNativeDispatcher$VolumeInformation
instanceKlass sun/nio/fs/WindowsNativeDispatcher$FirstStream
instanceKlass sun/nio/fs/WindowsNativeDispatcher$FirstFile
instanceKlass sun/nio/fs/WindowsNativeDispatcher$1
instanceKlass sun/nio/fs/WindowsNativeDispatcher
instanceKlass sun/nio/fs/WindowsDirectoryStream
instanceKlass java/nio/file/DirectoryStream
instanceKlass java/nio/file/Files$AcceptAllFilter
instanceKlass java/nio/file/DirectoryStream$Filter
instanceKlass java/nio/file/Files
instanceKlass sun/nio/fs/AbstractPath
instanceKlass sun/nio/fs/Util
instanceKlass sun/nio/fs/WindowsPathParser$Result
instanceKlass sun/nio/fs/WindowsPathParser
instanceKlass java/nio/file/FileSystem
instanceKlass java/nio/file/spi/FileSystemProvider
instanceKlass sun/nio/fs/DefaultFileSystemProvider
instanceKlass java/nio/file/FileSystems$DefaultFileSystemHolder$1
instanceKlass java/nio/file/FileSystems$DefaultFileSystemHolder
instanceKlass java/nio/file/FileSystems
instanceKlass java/net/NetworkInterface$2
instanceKlass java/net/DefaultInterface
instanceKlass java/net/InterfaceAddress
instanceKlass java/net/NetworkInterface$1
instanceKlass sun/security/provider/SeedGenerator$1
instanceKlass sun/security/provider/SeedGenerator
instanceKlass sun/security/provider/SecureRandom$SeederHolder
instanceKlass java/security/SecureRandomSpi
instanceKlass java/util/UUID$Holder
instanceKlass java/util/UUID
instanceKlass java/beans/ChangeListenerMap
instanceKlass java/beans/PropertyChangeSupport
instanceKlass net/sf/ehcache/Cache$CacheStatus
instanceKlass java/net/InetAddress$CacheEntry
instanceKlass sun/net/InetAddressCachePolicy$2
instanceKlass sun/net/InetAddressCachePolicy$1
instanceKlass sun/net/InetAddressCachePolicy
instanceKlass net/sf/ehcache/Cache
instanceKlass net/sf/ehcache/store/StoreListener
instanceKlass net/sf/ehcache/terracotta/InternalEhcache
instanceKlass net/sf/ehcache/Ehcache
instanceKlass net/sf/ehcache/DiskStorePathManager
instanceKlass net/sf/ehcache/config/ConfigurationHelper
instanceKlass net/sf/ehcache/terracotta/TerracottaClient$RejoinRequestHolder
instanceKlass net/sf/ehcache/terracotta/TerracottaClient$RejoinStatus
